c:\users\mradt\source\repos\trinity\computer graphics\lab1\lab1\debug\vc143.pdb
c:\users\mradt\source\repos\trinity\computer graphics\lab1\lab1\debug\vc143.idb
c:\users\mradt\source\repos\trinity\computer graphics\lab1\lab1\debug\shader.obj
c:\users\mradt\source\repos\trinity\computer graphics\lab1\lab1\debug\object.obj
c:\users\mradt\source\repos\trinity\computer graphics\lab1\lab1\debug\main.obj
c:\users\mradt\source\repos\trinity\computer graphics\lab1\debug\fragmentshader.txt
c:\users\mradt\source\repos\trinity\computer graphics\lab1\debug\vertexshader.txt
c:\users\mradt\source\repos\trinity\computer graphics\lab1\debug\lowpoly_tree_sample.obj
c:\users\mradt\source\repos\trinity\computer graphics\lab1\lab1\debug\lab1.ilk
c:\users\mradt\source\repos\trinity\computer graphics\lab1\debug\lab1.exe
c:\users\mradt\source\repos\trinity\computer graphics\lab1\debug\lab1.pdb
c:\users\matt\source\repos\graphics\computer-graphics-lab-1\lab1\debug\main.obj
c:\users\matt\source\repos\graphics\computer-graphics-lab-1\lab1\debug\object.obj
c:\users\matt\source\repos\graphics\computer-graphics-lab-1\lab1\debug\shader.obj
c:\users\matt\source\repos\graphics\computer-graphics-lab-1\lab1\debug\lab1.ilk
c:\users\matt\source\repos\graphics\computer-graphics-lab-1\lab1\debug\vc143.idb
c:\users\matt\source\repos\graphics\computer-graphics-lab-1\lab1\debug\vc143.pdb
c:\users\matt\source\repos\graphics\computer-graphics-lab-1\debug\lab1.pdb
c:\users\matt\source\repos\graphics\computer-graphics-lab-1\debug\lab1.exe
c:\users\matt\source\repos\graphics\computer-graphics-lab-1\lab1\debug\lab1.tlog\cl.command.1.tlog
c:\users\matt\source\repos\graphics\computer-graphics-lab-1\lab1\debug\lab1.tlog\cl.read.1.tlog
c:\users\matt\source\repos\graphics\computer-graphics-lab-1\lab1\debug\lab1.tlog\cl.write.1.tlog
c:\users\matt\source\repos\graphics\computer-graphics-lab-1\lab1\debug\lab1.tlog\copyfile.command.1.tlog
c:\users\matt\source\repos\graphics\computer-graphics-lab-1\lab1\debug\lab1.tlog\copyfile.read.1.tlog
c:\users\matt\source\repos\graphics\computer-graphics-lab-1\lab1\debug\lab1.tlog\copyfile.write.1.tlog
c:\users\matt\source\repos\graphics\computer-graphics-lab-1\lab1\debug\lab1.tlog\link.command.1.tlog
c:\users\matt\source\repos\graphics\computer-graphics-lab-1\lab1\debug\lab1.tlog\link.read.1.tlog
c:\users\matt\source\repos\graphics\computer-graphics-lab-1\lab1\debug\lab1.tlog\link.write.1.tlog
